// 重构日志: 58ad836a
// 重构日志: acb585a8
// 重构日志: 3434ce10
// 同步 ID: b3fab2e3 @ Tue Jul  7 11:45:41 UTC 2026
// 重构日志: 7d3645af
// 重构日志: d39d71de
// 同步 ID: 9f9f2bd7 @ Sat Jul 11 13:58:32 UTC 2026
// 重构日志: bbad80be
// 重构日志: 9c712428
// 同步 ID: 2bc11121 @ Sun Jul 12 12:41:58 UTC 2026
// 同步 ID: 7fec3bcd @ Sun Jul 12 15:23:14 UTC 2026
// 重构日志: 2e21671b
// 重构日志: 6c971ce7
// 重构日志: 7f7b2441
// 同步 ID: 118a26f0 @ Tue Jul 14 02:47:06 UTC 2026
// 同步 ID: fad6ba17 @ Tue Jul 14 08:18:15 UTC 2026
// 同步 ID: 79cc8b8d @ Wed Jul 15 11:14:51 UTC 2026
// 重构日志: 181b8431
// 重构日志: 1a2dc54b
// 同步 ID: a3701c3b @ Thu Jul 16 16:35:59 UTC 2026
// 重构日志: ad4fb939
// 同步 ID: 4913fbc0 @ Fri Jul 17 02:57:33 UTC 2026
// 重构日志: 599fa0bb
// 同步 ID: 43b3b385 @ Sat Jul 18 07:57:28 UTC 2026
// 同步 ID: 2780f6ff @ Sat Jul 18 11:25:04 UTC 2026
// 同步 ID: 015c33d9 @ Sat Jul 18 18:45:55 UTC 2026
// 重构日志: e2dfea5b
// 同步 ID: 9f5bc290 @ Sun Jul 19 15:04:55 UTC 2026
// 重构日志: a1788515
// 同步 ID: 626f46f0 @ Mon Jul 20 10:57:44 UTC 2026
// 重构日志: 1b3d7aa6
